<?xml version="1.0" encoding="UTF-8"?>
<!-- Generated by org.testng.reporters.JUnitXMLReporter -->
<testsuite ignored="0" hostname="LAPTOP-6AITHIOJ" failures="3" tests="3" name="Test" time="8.953" errors="0" timestamp="2025-07-23T10:47:48 IST">
  <testcase classname="testng.TestScript4" name="clickOnElectronics" time="0.765">
    <failure type="java.lang.AssertionError" message="Electronics page is not displayed expected [Demo Web Shop. Electronic] but found [Demo Web Shop. Electronics]">
      <![CDATA[java.lang.AssertionError: Electronics page is not displayed expected [Demo Web Shop. Electronic] but found [Demo Web Shop. Electronics]
at testng.TestScript4.clickOnElectronics(TestScript4.java:15)
at java.base/java.util.concurrent.Executors$RunnableAdapter.call(Executors.java:572)
at java.base/java.util.concurrent.FutureTask.run(FutureTask.java:317)
at java.base/java.util.concurrent.ThreadPoolExecutor.runWorker(ThreadPoolExecutor.java:1144)
at java.base/java.util.concurrent.ThreadPoolExecutor$Worker.run(ThreadPoolExecutor.java:642)
at java.base/java.lang.Thread.run(Thread.java:1583)
... Removed 16 stack frames]]>
    </failure>
  </testcase> <!-- clickOnElectronics -->
  <testcase classname="testng.TestScript6" name="clickOnComputers" time="0.823">
    <failure type="java.lang.AssertionError" message="Computers page is not displayed expected [Demo Web Shop. Computer] but found [Demo Web Shop. Computers]">
      <![CDATA[java.lang.AssertionError: Computers page is not displayed expected [Demo Web Shop. Computer] but found [Demo Web Shop. Computers]
at testng.TestScript6.clickOnComputers(TestScript6.java:15)
at java.base/java.util.concurrent.Executors$RunnableAdapter.call(Executors.java:572)
at java.base/java.util.concurrent.FutureTask.run(FutureTask.java:317)
at java.base/java.util.concurrent.ThreadPoolExecutor.runWorker(ThreadPoolExecutor.java:1144)
at java.base/java.util.concurrent.ThreadPoolExecutor$Worker.run(ThreadPoolExecutor.java:642)
at java.base/java.lang.Thread.run(Thread.java:1583)
... Removed 16 stack frames]]>
    </failure>
  </testcase> <!-- clickOnComputers -->
  <testcase classname="testng.TestScript5" name="clickOnBooks" time="1.809">
    <failure type="java.lang.AssertionError" message="Books page is not displayed expected [Demo Web Shop. Book] but found [Demo Web Shop. Books]">
      <![CDATA[java.lang.AssertionError: Books page is not displayed expected [Demo Web Shop. Book] but found [Demo Web Shop. Books]
at testng.TestScript5.clickOnBooks(TestScript5.java:15)
at java.base/java.util.concurrent.Executors$RunnableAdapter.call(Executors.java:572)
at java.base/java.util.concurrent.FutureTask.run(FutureTask.java:317)
at java.base/java.util.concurrent.ThreadPoolExecutor.runWorker(ThreadPoolExecutor.java:1144)
at java.base/java.util.concurrent.ThreadPoolExecutor$Worker.run(ThreadPoolExecutor.java:642)
at java.base/java.lang.Thread.run(Thread.java:1583)
... Removed 16 stack frames]]>
    </failure>
  </testcase> <!-- clickOnBooks -->
</testsuite> <!-- Test -->
